# JRE version: OpenJDK Runtime Environment Temurin-17.0.6+10 (17.0.6+10) (build 17.0.6+10)
# Java VM: OpenJDK 64-Bit Server VM Temurin-17.0.6+10 (17.0.6+10, mixed mode, emulated-client, tiered, compressed oops, compressed class ptrs, g1 gc, windows-amd64)
GC Precious Log:
 CPUs: 6 total, 6 available
 Memory: 16165M
 Large Page Support: Disabled
 NUMA Support: Disabled
 Compressed Oops: Enabled (Zero based)
 Heap Region Size: 2M
 Heap Min Capacity: 8M
 Heap Initial Capacity: 254M
 Heap Max Capacity: 4042M
 Pre-touch: Disabled
 Parallel Workers: 6
 Concurrent Workers: 2
 Concurrent Refinement Workers: 6
 Periodic GC: Disabled
Heap:
 garbage-first heap   total 1118208K, used 453236K [0x0000000703600000, 0x0000000800000000)
  region size 2048K, 146 young (299008K), 22 survivors (45056K)
 Metaspace       used 93219K, committed 94080K, reserved 1138688K
  class space    used 12302K, committed 12736K, reserved 1048576K
GC Heap History (20 events):
Event: 3712.483 GC heap before
{Heap before GC invocations=155 (full 9):
 garbage-first heap   total 184320K, used 120604K [0x0000000703600000, 0x0000000800000000)
  region size 2048K, 34 young (69632K), 2 survivors (4096K)
 Metaspace       used 93174K, committed 94016K, reserved 1138688K
  class space    used 12297K, committed 12736K, reserved 1048576K
}
Event: 3712.487 GC heap after
{Heap after GC invocations=156 (full 9):
 garbage-first heap   total 184320K, used 58083K [0x0000000703600000, 0x0000000800000000)
  region size 2048K, 4 young (8192K), 4 survivors (8192K)
 Metaspace       used 93174K, committed 94016K, reserved 1138688K
  class space    used 12297K, committed 12736K, reserved 1048576K
}
Event: 3712.602 GC heap before
{Heap before GC invocations=156 (full 9):
 garbage-first heap   total 184320K, used 123619K [0x0000000703600000, 0x0000000800000000)
  region size 2048K, 37 young (75776K), 4 survivors (8192K)
 Metaspace       used 93174K, committed 94016K, reserved 1138688K
  class space    used 12297K, committed 12736K, reserved 1048576K
}
Event: 3712.612 GC heap after
{Heap after GC invocations=157 (full 9):
 garbage-first heap   total 378880K, used 69295K [0x0000000703600000, 0x0000000800000000)
  region size 2048K, 5 young (10240K), 5 survivors (10240K)
 Metaspace       used 93174K, committed 94016K, reserved 1138688K
  class space    used 12297K, committed 12736K, reserved 1048576K
}
Event: 3712.836 GC heap before
{Heap before GC invocations=158 (full 9):
 garbage-first heap   total 327680K, used 255663K [0x0000000703600000, 0x0000000800000000)
  region size 2048K, 97 young (198656K), 5 survivors (10240K)
 Metaspace       used 93174K, committed 94016K, reserved 1138688K
  class space    used 12297K, committed 12736K, reserved 1048576K
}
Event: 3712.864 GC heap after
{Heap after GC invocations=159 (full 9):
 garbage-first heap   total 327680K, used 115590K [0x0000000703600000, 0x0000000800000000)
  region size 2048K, 13 young (26624K), 13 survivors (26624K)
 Metaspace       used 93174K, committed 94016K, reserved 1138688K
  class space    used 12297K, committed 12736K, reserved 1048576K
}
Event: 3712.959 GC heap before
{Heap before GC invocations=159 (full 9):
 garbage-first heap   total 327680K, used 224134K [0x0000000703600000, 0x0000000800000000)
  region size 2048K, 67 young (137216K), 13 survivors (26624K)
 Metaspace       used 93174K, committed 94016K, reserved 1138688K
  class space    used 12297K, committed 12736K, reserved 1048576K
}
Event: 3712.984 GC heap after
{Heap after GC invocations=160 (full 9):
 garbage-first heap   total 327680K, used 145071K [0x0000000703600000, 0x0000000800000000)
  region size 2048K, 9 young (18432K), 9 survivors (18432K)
 Metaspace       used 93174K, committed 94016K, reserved 1138688K
  class space    used 12297K, committed 12736K, reserved 1048576K
}
Event: 3713.129 GC heap before
{Heap before GC invocations=161 (full 9):
 garbage-first heap   total 327680K, used 231087K [0x0000000703600000, 0x0000000800000000)
  region size 2048K, 52 young (106496K), 9 survivors (18432K)
 Metaspace       used 93174K, committed 94016K, reserved 1138688K
  class space    used 12297K, committed 12736K, reserved 1048576K
}
Event: 3713.147 GC heap after
{Heap after GC invocations=162 (full 9):
 garbage-first heap   total 327680K, used 169647K [0x0000000703600000, 0x0000000800000000)
  region size 2048K, 7 young (14336K), 7 survivors (14336K)
 Metaspace       used 93174K, committed 94016K, reserved 1138688K
  class space    used 12297K, committed 12736K, reserved 1048576K
}
Event: 3713.203 GC heap before
{Heap before GC invocations=162 (full 9):
 garbage-first heap   total 327680K, used 243375K [0x0000000703600000, 0x0000000800000000)
  region size 2048K, 44 young (90112K), 7 survivors (14336K)
 Metaspace       used 93174K, committed 94016K, reserved 1138688K
  class space    used 12297K, committed 12736K, reserved 1048576K
}
Event: 3713.216 GC heap after
{Heap after GC invocations=163 (full 9):
 garbage-first heap   total 327680K, used 187841K [0x0000000703600000, 0x0000000800000000)
  region size 2048K, 6 young (12288K), 6 survivors (12288K)
 Metaspace       used 93174K, committed 94016K, reserved 1138688K
  class space    used 12297K, committed 12736K, reserved 1048576K
}
Event: 3713.343 GC heap before
{Heap before GC invocations=164 (full 9):
 garbage-first heap   total 372736K, used 239301K [0x0000000703600000, 0x0000000800000000)
  region size 2048K, 38 young (77824K), 6 survivors (12288K)
 Metaspace       used 93171K, committed 94016K, reserved 1138688K
  class space    used 12296K, committed 12736K, reserved 1048576K
}
Event: 3713.361 GC heap after
{Heap after GC invocations=165 (full 9):
 garbage-first heap   total 372736K, used 199905K [0x0000000703600000, 0x0000000800000000)
  region size 2048K, 5 young (10240K), 5 survivors (10240K)
 Metaspace       used 93171K, committed 94016K, reserved 1138688K
  class space    used 12296K, committed 12736K, reserved 1048576K
}
Event: 3713.371 GC heap before
{Heap before GC invocations=165 (full 9):
 garbage-first heap   total 372736K, used 206049K [0x0000000703600000, 0x0000000800000000)
  region size 2048K, 9 young (18432K), 5 survivors (10240K)
 Metaspace       used 93171K, committed 94016K, reserved 1138688K
  class space    used 12296K, committed 12736K, reserved 1048576K
}
Event: 3713.379 GC heap after
{Heap after GC invocations=166 (full 9):
 garbage-first heap   total 372736K, used 169538K [0x0000000703600000, 0x0000000800000000)
  region size 2048K, 2 young (4096K), 2 survivors (4096K)
 Metaspace       used 93171K, committed 94016K, reserved 1138688K
  class space    used 12296K, committed 12736K, reserved 1048576K
}
Event: 3713.400 GC heap before
{Heap before GC invocations=166 (full 9):
 garbage-first heap   total 372736K, used 183874K [0x0000000703600000, 0x0000000800000000)
  region size 2048K, 9 young (18432K), 2 survivors (4096K)
 Metaspace       used 93171K, committed 94016K, reserved 1138688K
  class space    used 12296K, committed 12736K, reserved 1048576K
}
Event: 3713.408 GC heap after
{Heap after GC invocations=167 (full 9):
 garbage-first heap   total 1118208K, used 161464K [0x0000000703600000, 0x0000000800000000)
  region size 2048K, 2 young (4096K), 2 survivors (4096K)
 Metaspace       used 93171K, committed 94016K, reserved 1138688K
  class space    used 12296K, committed 12736K, reserved 1048576K
}
Event: 4045.891 GC heap before
{Heap before GC invocations=167 (full 9):
 garbage-first heap   total 1118208K, used 667320K [0x0000000703600000, 0x0000000800000000)
  region size 2048K, 249 young (509952K), 2 survivors (4096K)
 Metaspace       used 93216K, committed 94080K, reserved 1138688K
  class space    used 12301K, committed 12736K, reserved 1048576K
}
Event: 4046.081 GC heap after
{Heap after GC invocations=168 (full 9):
 garbage-first heap   total 1118208K, used 201332K [0x0000000703600000, 0x0000000800000000)
  region size 2048K, 22 young (45056K), 22 survivors (45056K)
 Metaspace       used 93216K, committed 94080K, reserved 1138688K
  class space    used 12301K, committed 12736K, reserved 1048576K
}

