# JRE version: OpenJDK Runtime Environment Temurin-17.0.6+10 (17.0.6+10) (build 17.0.6+10)
# Java VM: OpenJDK 64-Bit Server VM Temurin-17.0.6+10 (17.0.6+10, mixed mode, emulated-client, tiered, compressed oops, compressed class ptrs, g1 gc, windows-amd64)
GC Precious Log:
 CPUs: 6 total, 6 available
 Memory: 16165M
 Large Page Support: Disabled
 NUMA Support: Disabled
 Compressed Oops: Enabled (Zero based)
 Heap Region Size: 2M
 Heap Min Capacity: 8M
 Heap Initial Capacity: 254M
 Heap Max Capacity: 4042M
 Pre-touch: Disabled
 Parallel Workers: 6
 Concurrent Workers: 2
 Concurrent Refinement Workers: 6
 Periodic GC: Disabled
Heap:
 garbage-first heap   total 456704K, used 201728K [0x0000000703600000, 0x0000000800000000)
  region size 2048K, 9 young (18432K), 9 survivors (18432K)
 Metaspace       used 76894K, committed 77312K, reserved 1122304K
  class space    used 10366K, committed 10560K, reserved 1048576K
GC Heap History (20 events):
Event: 7.224 GC heap after
{Heap after GC invocations=20 (full 0):
 garbage-first heap   total 147456K, used 77085K [0x0000000703600000, 0x0000000800000000)
  region size 2048K, 3 young (6144K), 3 survivors (6144K)
 Metaspace       used 76808K, committed 77248K, reserved 1122304K
  class space    used 10346K, committed 10560K, reserved 1048576K
}
Event: 7.262 GC heap before
{Heap before GC invocations=20 (full 0):
 garbage-first heap   total 147456K, used 109853K [0x0000000703600000, 0x0000000800000000)
  region size 2048K, 20 young (40960K), 3 survivors (6144K)
 Metaspace       used 76808K, committed 77248K, reserved 1122304K
  class space    used 10346K, committed 10560K, reserved 1048576K
}
Event: 7.268 GC heap after
{Heap after GC invocations=21 (full 0):
 garbage-first heap   total 147456K, used 85017K [0x0000000703600000, 0x0000000800000000)
  region size 2048K, 3 young (6144K), 3 survivors (6144K)
 Metaspace       used 76808K, committed 77248K, reserved 1122304K
  class space    used 10346K, committed 10560K, reserved 1048576K
}
Event: 7.326 GC heap before
{Heap before GC invocations=21 (full 0):
 garbage-first heap   total 172032K, used 111641K [0x0000000703600000, 0x0000000800000000)
  region size 2048K, 16 young (32768K), 3 survivors (6144K)
 Metaspace       used 76810K, committed 77248K, reserved 1122304K
  class space    used 10348K, committed 10560K, reserved 1048576K
}
Event: 7.336 GC heap after
{Heap after GC invocations=22 (full 0):
 garbage-first heap   total 172032K, used 98251K [0x0000000703600000, 0x0000000800000000)
  region size 2048K, 2 young (4096K), 2 survivors (4096K)
 Metaspace       used 76810K, committed 77248K, reserved 1122304K
  class space    used 10348K, committed 10560K, reserved 1048576K
}
Event: 7.444 GC heap before
{Heap before GC invocations=23 (full 0):
 garbage-first heap   total 172032K, used 126923K [0x0000000703600000, 0x0000000800000000)
  region size 2048K, 16 young (32768K), 2 survivors (4096K)
 Metaspace       used 76852K, committed 77248K, reserved 1122304K
  class space    used 10359K, committed 10560K, reserved 1048576K
}
Event: 7.450 GC heap after
{Heap after GC invocations=24 (full 0):
 garbage-first heap   total 172032K, used 106694K [0x0000000703600000, 0x0000000800000000)
  region size 2048K, 2 young (4096K), 2 survivors (4096K)
 Metaspace       used 76852K, committed 77248K, reserved 1122304K
  class space    used 10359K, committed 10560K, reserved 1048576K
}
Event: 7.482 GC heap before
{Heap before GC invocations=24 (full 0):
 garbage-first heap   total 172032K, used 131270K [0x0000000703600000, 0x0000000800000000)
  region size 2048K, 14 young (28672K), 2 survivors (4096K)
 Metaspace       used 76852K, committed 77248K, reserved 1122304K
  class space    used 10359K, committed 10560K, reserved 1048576K
}
Event: 7.487 GC heap after
{Heap after GC invocations=25 (full 0):
 garbage-first heap   total 172032K, used 112576K [0x0000000703600000, 0x0000000800000000)
  region size 2048K, 2 young (4096K), 2 survivors (4096K)
 Metaspace       used 76852K, committed 77248K, reserved 1122304K
  class space    used 10359K, committed 10560K, reserved 1048576K
}
Event: 7.558 GC heap before
{Heap before GC invocations=26 (full 0):
 garbage-first heap   total 215040K, used 131008K [0x0000000703600000, 0x0000000800000000)
  region size 2048K, 12 young (24576K), 2 survivors (4096K)
 Metaspace       used 76852K, committed 77248K, reserved 1122304K
  class space    used 10359K, committed 10560K, reserved 1048576K
}
Event: 7.563 GC heap after
{Heap after GC invocations=27 (full 0):
 garbage-first heap   total 215040K, used 117253K [0x0000000703600000, 0x0000000800000000)
  region size 2048K, 2 young (4096K), 2 survivors (4096K)
 Metaspace       used 76852K, committed 77248K, reserved 1122304K
  class space    used 10359K, committed 10560K, reserved 1048576K
}
Event: 7.571 GC heap before
{Heap before GC invocations=27 (full 0):
 garbage-first heap   total 215040K, used 123397K [0x0000000703600000, 0x0000000800000000)
  region size 2048K, 5 young (10240K), 2 survivors (4096K)
 Metaspace       used 76852K, committed 77248K, reserved 1122304K
  class space    used 10359K, committed 10560K, reserved 1048576K
}
Event: 7.575 GC heap after
{Heap after GC invocations=28 (full 0):
 garbage-first heap   total 456704K, used 97856K [0x0000000703600000, 0x0000000800000000)
  region size 2048K, 1 young (2048K), 1 survivors (2048K)
 Metaspace       used 76852K, committed 77248K, reserved 1122304K
  class space    used 10359K, committed 10560K, reserved 1048576K
}
Event: 7.616 GC heap before
{Heap before GC invocations=28 (full 0):
 garbage-first heap   total 456704K, used 118336K [0x0000000703600000, 0x0000000800000000)
  region size 2048K, 11 young (22528K), 1 survivors (2048K)
 Metaspace       used 76852K, committed 77248K, reserved 1122304K
  class space    used 10359K, committed 10560K, reserved 1048576K
}
Event: 7.622 GC heap after
{Heap after GC invocations=29 (full 0):
 garbage-first heap   total 456704K, used 91341K [0x0000000703600000, 0x0000000800000000)
  region size 2048K, 2 young (4096K), 2 survivors (4096K)
 Metaspace       used 76852K, committed 77248K, reserved 1122304K
  class space    used 10359K, committed 10560K, reserved 1048576K
}
Event: 8.133 GC heap before
{Heap before GC invocations=29 (full 0):
 garbage-first heap   total 456704K, used 281805K [0x0000000703600000, 0x0000000800000000)
  region size 2048K, 96 young (196608K), 2 survivors (4096K)
 Metaspace       used 76853K, committed 77248K, reserved 1122304K
  class space    used 10359K, committed 10560K, reserved 1048576K
}
Event: 8.182 GC heap after
{Heap after GC invocations=30 (full 0):
 garbage-first heap   total 456704K, used 138338K [0x0000000703600000, 0x0000000800000000)
  region size 2048K, 12 young (24576K), 12 survivors (24576K)
 Metaspace       used 76853K, committed 77248K, reserved 1122304K
  class space    used 10359K, committed 10560K, reserved 1048576K
}
Event: 8.453 GC heap before
{Heap before GC invocations=30 (full 0):
 garbage-first heap   total 456704K, used 269410K [0x0000000703600000, 0x0000000800000000)
  region size 2048K, 77 young (157696K), 12 survivors (24576K)
 Metaspace       used 76894K, committed 77312K, reserved 1122304K
  class space    used 10366K, committed 10560K, reserved 1048576K
}
Event: 8.498 GC heap after
{Heap after GC invocations=31 (full 0):
 garbage-first heap   total 456704K, used 174768K [0x0000000703600000, 0x0000000800000000)
  region size 2048K, 10 young (20480K), 10 survivors (20480K)
 Metaspace       used 76894K, committed 77312K, reserved 1122304K
  class space    used 10366K, committed 10560K, reserved 1048576K
}
Event: 8.708 GC heap before
{Heap before GC invocations=31 (full 0):
 garbage-first heap   total 456704K, used 293552K [0x0000000703600000, 0x0000000800000000)
  region size 2048K, 69 young (141312K), 10 survivors (20480K)
 Metaspace       used 76894K, committed 77312K, reserved 1122304K
  class space    used 10366K, committed 10560K, reserved 1048576K
}

